\BOOKMARK [0][-]{chapter.0.1}{Allgemeine Einf\374hrung}{}
\BOOKMARK [1][-]{section.0.1.1}{Qualifikationsziele}{chapter.0.1}
\BOOKMARK [1][-]{section.0.1.2}{Literatur}{chapter.0.1}
\BOOKMARK [-1][-]{part.1}{VLSI-Systementwurf}{}
\BOOKMARK [0][-]{chapter.1.1}{Einf\374hrung}{part.1}
\BOOKMARK [1][-]{section.1.1.1}{Themenschwerpunkte}{chapter.1.1}
\BOOKMARK [1][-]{section.1.1.2}{Inhalte der Lehrveranstaltung}{chapter.1.1}
\BOOKMARK [2][-]{subsection.1.1.2.1}{Inhalte der Vorlesung}{section.1.1.2}
\BOOKMARK [2][-]{subsection.1.1.2.2}{Inhalte des Praktikums}{section.1.1.2}
\BOOKMARK [1][-]{section.1.1.3}{Klassifikation von ICs}{chapter.1.1}
\BOOKMARK [2][-]{subsection.1.1.3.1}{Zwei Sichten}{section.1.1.3}
\BOOKMARK [2][-]{subsection.1.1.3.2}{Anwenderprogrammierbare IC}{section.1.1.3}
\BOOKMARK [2][-]{subsection.1.1.3.3}{Hardwareprogrammierung}{section.1.1.3}
\BOOKMARK [2][-]{subsection.1.1.3.4}{Programmiertechnologien}{section.1.1.3}
\BOOKMARK [2][-]{subsection.1.1.3.5}{Klassifikation Anwenderprogrammierbare IC}{section.1.1.3}
\BOOKMARK [0][-]{chapter.1.2}{Schaltkreisentwurf}{part.1}
\BOOKMARK [1][-]{section.1.2.1}{Abstraktionsebenen und Sichten}{chapter.1.2}
\BOOKMARK [2][-]{subsection.1.2.1.1}{Abstraktionsebenen}{section.1.2.1}
\BOOKMARK [2][-]{subsection.1.2.1.2}{Sichten}{section.1.2.1}
\BOOKMARK [2][-]{subsection.1.2.1.3}{Y-Diagramm nach Gajski}{section.1.2.1}
\BOOKMARK [1][-]{section.1.2.2}{Entwurfsablauf}{chapter.1.2}
\BOOKMARK [1][-]{section.1.2.3}{Entwurfsstile}{chapter.1.2}
\BOOKMARK [2][-]{subsection.1.2.3.1}{Full-Custom Entwurf}{section.1.2.3}
\BOOKMARK [2][-]{subsection.1.2.3.2}{Standardzellenentwurf}{section.1.2.3}
\BOOKMARK [2][-]{subsection.1.2.3.3}{Maskenprogrammierbare Gate Arrays}{section.1.2.3}
\BOOKMARK [2][-]{subsection.1.2.3.4}{Anwenderprogrammierbare IC}{section.1.2.3}
\BOOKMARK [1][-]{section.1.2.4}{Entwurfswerkzeuge}{chapter.1.2}
\BOOKMARK [0][-]{chapter.1.3}{Automaten}{part.1}
\BOOKMARK [1][-]{section.1.3.1}{Automatendarstellung}{chapter.1.3}
\BOOKMARK [2][-]{subsection.1.3.1.1}{Betrachtungsweisen}{section.1.3.1}
\BOOKMARK [2][-]{subsection.1.3.1.2}{Automatengraphen}{section.1.3.1}
\BOOKMARK [2][-]{subsection.1.3.1.3}{SM-Charts}{section.1.3.1}
\BOOKMARK [2][-]{subsection.1.3.1.4}{GRAFCET \046 SFC}{section.1.3.1}
\BOOKMARK [1][-]{section.1.3.2}{Automatenkopplung}{chapter.1.3}
\BOOKMARK [2][-]{subsection.1.3.2.1}{Synchrone Kopplung}{section.1.3.2}
\BOOKMARK [2][-]{subsection.1.3.2.2}{Asynchrone Kopplung}{section.1.3.2}
\BOOKMARK [1][-]{section.1.3.3}{Initialisierung}{chapter.1.3}
\BOOKMARK [-1][-]{part.2}{Entwurf eingebetteter Systeme}{}
\BOOKMARK [-1][-]{part.3}{Parallelverarbeitung}{}
\BOOKMARK [-1][-]{part.4}{Appendix}{}
\BOOKMARK [0][-]{chapter.4.1}{VLSI-Systementwurf Praktikum}{part.4}
\BOOKMARK [1][-]{section.4.1.1}{Kurze Beschreibung des Terasic DE0 Board}{chapter.4.1}
\BOOKMARK [1][-]{section.4.1.2}{Aufgabe 1 - Bin\344r-Dekoder}{chapter.4.1}
\BOOKMARK [2][-]{subsection.4.1.2.1}{Entwurf}{section.4.1.2}
\BOOKMARK [2][-]{subsection.4.1.2.2}{Auswertung}{section.4.1.2}
\BOOKMARK [1][-]{section.4.1.3}{Aufgabe 2 - Hamming-Distanz}{chapter.4.1}
\BOOKMARK [2][-]{subsection.4.1.3.1}{Entwurf}{section.4.1.3}
\BOOKMARK [2][-]{subsection.4.1.3.2}{Auswertung}{section.4.1.3}
\BOOKMARK [1][-]{section.4.1.4}{Aufgabe 3 - Modulo-n-Z\344hler}{chapter.4.1}
\BOOKMARK [2][-]{subsection.4.1.4.1}{Entwurf}{section.4.1.4}
\BOOKMARK [2][-]{subsection.4.1.4.2}{Auswertung}{section.4.1.4}
\BOOKMARK [1][-]{section.4.1.5}{Aufgabe 4 - Entprell-Automat}{chapter.4.1}
\BOOKMARK [2][-]{subsection.4.1.5.1}{Entwurf}{section.4.1.5}
\BOOKMARK [2][-]{subsection.4.1.5.2}{Auswertung}{section.4.1.5}
\BOOKMARK [1][-]{section.4.1.6}{Aufgabe 5 - HALLO-Anzeige}{chapter.4.1}
\BOOKMARK [2][-]{subsection.4.1.6.1}{Entwurf}{section.4.1.6}
\BOOKMARK [2][-]{subsection.4.1.6.2}{Auswertung}{section.4.1.6}
\BOOKMARK [1][-]{section.4.1.7}{Aufgabe 6 - Stoppuhr}{chapter.4.1}
\BOOKMARK [2][-]{subsection.4.1.7.1}{Entwurf}{section.4.1.7}
\BOOKMARK [2][-]{subsection.4.1.7.2}{Auswertung}{section.4.1.7}
\BOOKMARK [1][-]{section.4.1.8}{Anhang}{chapter.4.1}
\BOOKMARK [2][-]{subsection.4.1.8.1}{01-Aufgabe Code}{section.4.1.8}
\BOOKMARK [2][-]{subsection.4.1.8.2}{02-Aufgabe Code}{section.4.1.8}
\BOOKMARK [2][-]{subsection.4.1.8.3}{03-Aufgabe Code}{section.4.1.8}
\BOOKMARK [2][-]{subsection.4.1.8.4}{04-Aufgabe Code}{section.4.1.8}
\BOOKMARK [2][-]{subsection.4.1.8.5}{05-Aufgabe Code}{section.4.1.8}
\BOOKMARK [2][-]{subsection.4.1.8.6}{06-Aufgabe Code}{section.4.1.8}
\BOOKMARK [0][-]{chapter.4.2}{Entwurf eingebetteter Systeme Praktikum}{part.4}
